<?xml version="1.0" encoding="UTF-8"?>
<testng-results skipped="0" failed="0" ignored="0" total="3" passed="3">
  <reporter-output>
  </reporter-output>
  <suite name="Default suite" duration-ms="260" started-at="2022-05-01T11:55:40 IST" finished-at="2022-05-01T11:55:40 IST">
    <groups>
    </groups>
    <test name="Default test" duration-ms="260" started-at="2022-05-01T11:55:40 IST" finished-at="2022-05-01T11:55:40 IST">
      <class name="day11.testngsamples.Example_Param2">
        <test-method status="PASS" signature="login()[pri:1, instance:day11.testngsamples.Example_Param2@2833cc44]" name="login" duration-ms="39" started-at="2022-05-01T11:55:40 IST" finished-at="2022-05-01T11:55:40 IST">
          <reporter-output>
          </reporter-output>
        </test-method> <!-- login -->
        <test-method status="PASS" signature="sendEmail()[pri:2, instance:day11.testngsamples.Example_Param2@2833cc44]" name="sendEmail" duration-ms="3" started-at="2022-05-01T11:55:40 IST" finished-at="2022-05-01T11:55:40 IST">
          <reporter-output>
          </reporter-output>
        </test-method> <!-- sendEmail -->
        <test-method status="PASS" signature="logout()[pri:3, instance:day11.testngsamples.Example_Param2@2833cc44]" name="logout" duration-ms="3" started-at="2022-05-01T11:55:40 IST" finished-at="2022-05-01T11:55:40 IST">
          <reporter-output>
          </reporter-output>
        </test-method> <!-- logout -->
      </class> <!-- day11.testngsamples.Example_Param2 -->
    </test> <!-- Default test -->
  </suite> <!-- Default suite -->
</testng-results>
