<?xml version="1.0" encoding="UTF-8"?>
<!-- Generated by org.testng.reporters.JUnitXMLReporter -->
<testsuite hostname="LAPTOP-QFO2OND0" ignored="0" name="Default test" tests="3" failures="0" timestamp="2022-05-01T11:55:40 IST" time="0.26" errors="0">
  <testcase name="login" time="0.039" classname="day11.testngsamples.Example_Param2"/>
  <testcase name="sendEmail" time="0.003" classname="day11.testngsamples.Example_Param2"/>
  <testcase name="logout" time="0.003" classname="day11.testngsamples.Example_Param2"/>
</testsuite> <!-- Default test -->
